<?xml version="1.0" encoding="UTF-8"?>
<testsuite xmlns:xsi="http://www.w3.org/2001/XMLSchema-instance" xsi:noNamespaceSchemaLocation="https://maven.apache.org/surefire/maven-surefire-plugin/xsd/surefire-test-report-3.0.xsd" version="3.0" name="com.jinyu.test.ChatTest" time="0.037" tests="1" errors="0" skipped="0" failures="0">
  <properties>
    <property name="java.specification.version" value="17"/>
    <property name="sun.cpu.isalist" value="amd64"/>
    <property name="sun.jnu.encoding" value="GBK"/>
    <property name="java.class.path" value="D:\itJinYu_toolkit\java\netty\Simple-Chat-Room\ChatClient\target\test-classes;D:\itJinYu_toolkit\java\netty\Simple-Chat-Room\ChatClient\target\classes;D:\itJinYu_toolkit\java\maven\repository\junit\junit\4.13.2\junit-4.13.2.jar;D:\itJinYu_toolkit\java\maven\repository\org\hamcrest\hamcrest-core\1.3\hamcrest-core-1.3.jar;"/>
    <property name="java.vm.vendor" value="Oracle Corporation"/>
    <property name="sun.arch.data.model" value="64"/>
    <property name="user.variant" value=""/>
    <property name="java.vendor.url" value="https://java.oracle.com/"/>
    <property name="user.timezone" value="Asia/Shanghai"/>
    <property name="os.name" value="Windows 11"/>
    <property name="java.vm.specification.version" value="17"/>
    <property name="sun.java.launcher" value="SUN_STANDARD"/>
    <property name="user.country" value="CN"/>
    <property name="sun.boot.library.path" value="D:\itJinYu_toolkit\java\java17\bin"/>
    <property name="sun.java.command" value="C:\Users\23182\AppData\Local\Temp\surefire16111801198912188850\surefirebooter-20250529115031666_3.jar C:\Users\23182\AppData\Local\Temp\surefire16111801198912188850 2025-05-29T11-50-31_505-jvmRun1 surefire-20250529115031666_1tmp surefire_0-20250529115031666_2tmp"/>
    <property name="jdk.debug" value="release"/>
    <property name="surefire.test.class.path" value="D:\itJinYu_toolkit\java\netty\Simple-Chat-Room\ChatClient\target\test-classes;D:\itJinYu_toolkit\java\netty\Simple-Chat-Room\ChatClient\target\classes;D:\itJinYu_toolkit\java\maven\repository\junit\junit\4.13.2\junit-4.13.2.jar;D:\itJinYu_toolkit\java\maven\repository\org\hamcrest\hamcrest-core\1.3\hamcrest-core-1.3.jar;"/>
    <property name="sun.cpu.endian" value="little"/>
    <property name="user.home" value="C:\Users\23182"/>
    <property name="user.language" value="zh"/>
    <property name="java.specification.vendor" value="Oracle Corporation"/>
    <property name="java.version.date" value="2024-07-16"/>
    <property name="java.home" value="D:\itJinYu_toolkit\java\java17"/>
    <property name="file.separator" value="\"/>
    <property name="basedir" value="D:\itJinYu_toolkit\java\netty\Simple-Chat-Room\ChatClient"/>
    <property name="java.vm.compressedOopsMode" value="Zero based"/>
    <property name="line.separator" value="&#10;"/>
    <property name="java.vm.specification.vendor" value="Oracle Corporation"/>
    <property name="java.specification.name" value="Java Platform API Specification"/>
    <property name="surefire.real.class.path" value="C:\Users\23182\AppData\Local\Temp\surefire16111801198912188850\surefirebooter-20250529115031666_3.jar"/>
    <property name="user.script" value=""/>
    <property name="sun.management.compiler" value="HotSpot 64-Bit Tiered Compilers"/>
    <property name="java.runtime.version" value="17.0.12+8-LTS-286"/>
    <property name="user.name" value="23182"/>
    <property name="path.separator" value=";"/>
    <property name="os.version" value="10.0"/>
    <property name="java.runtime.name" value="Java(TM) SE Runtime Environment"/>
    <property name="file.encoding" value="GBK"/>
    <property name="java.vm.name" value="Java HotSpot(TM) 64-Bit Server VM"/>
    <property name="localRepository" value="D:\itJinYu_toolkit\java\maven\repository"/>
    <property name="java.vendor.url.bug" value="https://bugreport.java.com/bugreport/"/>
    <property name="java.io.tmpdir" value="C:\Users\23182\AppData\Local\Temp\"/>
    <property name="java.version" value="17.0.12"/>
    <property name="user.dir" value="D:\itJinYu_toolkit\java\netty\Simple-Chat-Room\ChatClient"/>
    <property name="os.arch" value="amd64"/>
    <property name="java.vm.specification.name" value="Java Virtual Machine Specification"/>
    <property name="sun.os.patch.level" value=""/>
    <property name="native.encoding" value="GBK"/>
    <property name="java.library.path" value="D:\itJinYu_toolkit\java\java17\bin;C:\WINDOWS\Sun\Java\bin;C:\WINDOWS\system32;C:\WINDOWS;C:\Program Files (x86)\VMware\VMware Workstation\bin\;D:\java\bin;D:\itJinYu_toolkit\java\maven\apache-maven-3.9.9-bin\apache-maven-3.9.9\bin;C:\Program Files\Common Files\Oracle\Java\javapath;C:\WINDOWS\system32;C:\WINDOWS;C:\WINDOWS\System32\Wbem;C:\WINDOWS\System32\WindowsPowerShell\v1.0\;C:\WINDOWS\System32\OpenSSH\;C:\Program Files (x86)\NVIDIA Corporation\PhysX\Common;C:\Program Files\NVIDIA Corporation\NVIDIA NvDLISR;D:\mingw64\bin;D:\Git\cmd;D:\node18\;D:\Bandizip\;D:\tortoiseGit\bin;C:\Program Files\dotnet\;D:\itJinYu_toolkit\java\gradle\gradle-8.4-bin\gradle-8.4\bin;D:\tomcat\apache-tomcat-11.0.5-windows-x64\apache-tomcat-11.0.5\bin;D:\itJinYu_toolkit\python\python3.13.2\;D:\itJinYu_toolkit\python\python3.13.2\Scripts\;C:\Users\23182\AppData\Local\Programs\Python\Launcher\;C:\Users\23182\AppData\Local\Microsoft\WindowsApps;D:\Microsoft VS Code\bin;D:\IntelliJ IDEA 2023.3.8\bin;;D:\编程语言工具包\golang\goland\go1.23.2.windows-386\go\bin;D:\PyCharm 2024.2.4\bin;;C:\Users\23182\AppData\Roaming\npm;D:\Clion\CLion 2023.3.6\bin;;;."/>
    <property name="java.vm.info" value="mixed mode, sharing"/>
    <property name="java.vendor" value="Oracle Corporation"/>
    <property name="java.vm.version" value="17.0.12+8-LTS-286"/>
    <property name="sun.io.unicode.encoding" value="UnicodeLittle"/>
    <property name="java.class.version" value="61.0"/>
  </properties>
  <testcase name="testChatMain" classname="com.jinyu.test.ChatTest" time="0.001"/>
</testsuite>